<?xml version="1.0" encoding="UTF-8"?>
<testng-results skipped="0" failed="0" ignored="0" total="1" passed="1">
  <reporter-output>
  </reporter-output>
  <suite name="Default suite" duration-ms="5682" started-at="2019-08-04T12:32:40 IST" finished-at="2019-08-04T12:32:46 IST">
    <groups>
    </groups>
    <test name="Default test" duration-ms="5682" started-at="2019-08-04T12:32:40 IST" finished-at="2019-08-04T12:32:46 IST">
      <class name="leaftaps.testcases.TC001_Login">
        <test-method status="PASS" signature="login()[pri:0, instance:leaftaps.testcases.TC001_Login@57536d79]" name="login" is-config="true" duration-ms="4766" started-at="2019-08-04T12:32:40 IST" finished-at="2019-08-04T12:32:45 IST">
          <reporter-output>
          </reporter-output>
        </test-method> <!-- login -->
        <test-method status="PASS" signature="runLogin()[pri:0, instance:leaftaps.testcases.TC001_Login@57536d79]" name="runLogin" duration-ms="781" started-at="2019-08-04T12:32:45 IST" finished-at="2019-08-04T12:32:46 IST">
          <reporter-output>
          </reporter-output>
        </test-method> <!-- runLogin -->
        <test-method status="PASS" signature="closeBrowser()[pri:0, instance:leaftaps.testcases.TC001_Login@57536d79]" name="closeBrowser" is-config="true" duration-ms="81" started-at="2019-08-04T12:32:46 IST" finished-at="2019-08-04T12:32:46 IST">
          <reporter-output>
          </reporter-output>
        </test-method> <!-- closeBrowser -->
      </class> <!-- leaftaps.testcases.TC001_Login -->
    </test> <!-- Default test -->
  </suite> <!-- Default suite -->
</testng-results>
